[0.011s] Invoking command in '/home/youssef/colcon_ws/src/my_bot/build/my_bot': CMAKE_PREFIX_PATH=${CMAKE_PREFIX_PATH}:/opt/ros/foxy /usr/bin/cmake /home/youssef/colcon_ws/src/my_bot -DAMENT_CMAKE_SYMLINK_INSTALL=1 -DCMAKE_INSTALL_PREFIX=/home/youssef/colcon_ws/src/my_bot/install/my_bot
[0.090s] -- The C compiler identification is GNU 9.4.0
[0.154s] -- The CXX compiler identification is GNU 9.4.0
[0.160s] -- Check for working C compiler: /usr/bin/cc
[0.244s] -- Check for working C compiler: /usr/bin/cc -- works
[0.245s] -- Detecting C compiler ABI info
[0.331s] -- Detecting C compiler ABI info - done
[0.344s] -- Detecting C compile features
[0.345s] -- Detecting C compile features - done
[0.348s] -- Check for working CXX compiler: /usr/bin/c++
[0.429s] -- Check for working CXX compiler: /usr/bin/c++ -- works
[0.430s] -- Detecting CXX compiler ABI info
[0.518s] -- Detecting CXX compiler ABI info - done
[0.529s] -- Detecting CXX compile features
[0.530s] -- Detecting CXX compile features - done
[0.533s] -- Found ament_cmake: 0.9.12 (/opt/ros/foxy/share/ament_cmake/cmake)
[0.554s] -- Found PythonInterp: /usr/bin/python3 (found suitable version "3.8.10", minimum required is "3") 
[0.555s] -- Using PYTHON_EXECUTABLE: /usr/bin/python3
[0.682s] -- Override CMake install command with custom implementation using symlinks instead of copying resources
[0.710s] -- Found ament_lint_auto: 0.9.8 (/opt/ros/foxy/share/ament_lint_auto/cmake)
[0.778s] -- Added test 'copyright' to check source files copyright and LICENSE
[0.788s] -- Added test 'cppcheck' to perform static code analysis on C / C++ code
[0.788s] -- Configured cppcheck include dirs: 
[0.788s] -- Configured cppcheck exclude dirs and/or files: 
[0.795s] -- Added test 'cpplint' to check C / C++ code against the Google style
[0.795s] -- Configured cpplint exclude dirs and/or files: 
[0.796s] -- Added test 'flake8' to check Python code syntax and style conventions
[0.798s] -- Added test 'lint_cmake' to check CMake code style
[0.799s] -- Added test 'pep257' to check Python code against some of the style conventions in PEP 257
[0.805s] -- Added test 'uncrustify' to check C / C++ code style
[0.806s] -- Configured uncrustify additional arguments: 
[0.806s] -- Added test 'xmllint' to check XML markup files
[0.809s] -- Configuring done
[0.810s] -- Generating done
[0.811s] -- Build files have been written to: /home/youssef/colcon_ws/src/my_bot/build/my_bot
[0.815s] Invoked command in '/home/youssef/colcon_ws/src/my_bot/build/my_bot' returned '0': CMAKE_PREFIX_PATH=${CMAKE_PREFIX_PATH}:/opt/ros/foxy /usr/bin/cmake /home/youssef/colcon_ws/src/my_bot -DAMENT_CMAKE_SYMLINK_INSTALL=1 -DCMAKE_INSTALL_PREFIX=/home/youssef/colcon_ws/src/my_bot/install/my_bot
[0.817s] Invoking command in '/home/youssef/colcon_ws/src/my_bot/build/my_bot': CMAKE_PREFIX_PATH=${CMAKE_PREFIX_PATH}:/opt/ros/foxy /usr/bin/cmake --build /home/youssef/colcon_ws/src/my_bot/build/my_bot -- -j16 -l16
[0.854s] Invoked command in '/home/youssef/colcon_ws/src/my_bot/build/my_bot' returned '0': CMAKE_PREFIX_PATH=${CMAKE_PREFIX_PATH}:/opt/ros/foxy /usr/bin/cmake --build /home/youssef/colcon_ws/src/my_bot/build/my_bot -- -j16 -l16
[0.889s] Invoking command in '/home/youssef/colcon_ws/src/my_bot/build/my_bot': CMAKE_PREFIX_PATH=${CMAKE_PREFIX_PATH}:/opt/ros/foxy /usr/bin/cmake --install /home/youssef/colcon_ws/src/my_bot/build/my_bot
[0.897s] -- Install configuration: ""
[0.897s] -- Execute custom install script
[0.898s] -- Symlinking: /home/youssef/colcon_ws/src/my_bot/install/my_bot/share/my_bot/config/empty.yaml
[0.905s] -- Symlinking: /home/youssef/colcon_ws/src/my_bot/install/my_bot/share/my_bot/config/my_controllers.yaml
[0.913s] -- Symlinking: /home/youssef/colcon_ws/src/my_bot/install/my_bot/share/my_bot/config/my_robot.config.rviz
[0.924s] -- Symlinking: /home/youssef/colcon_ws/src/my_bot/install/my_bot/share/my_bot/config/my_robot_drive.rviz
[0.935s] -- Symlinking: /home/youssef/colcon_ws/src/my_bot/install/my_bot/share/my_bot/description/camera.xacro
[0.945s] -- Symlinking: /home/youssef/colcon_ws/src/my_bot/install/my_bot/share/my_bot/description/depth_camera.xacro
[0.956s] -- Symlinking: /home/youssef/colcon_ws/src/my_bot/install/my_bot/share/my_bot/description/gazebo_control.xacro
[0.965s] -- Symlinking: /home/youssef/colcon_ws/src/my_bot/install/my_bot/share/my_bot/description/inertial_macros.xacro
[0.974s] -- Symlinking: /home/youssef/colcon_ws/src/my_bot/install/my_bot/share/my_bot/description/lidar.xacro
[0.983s] -- Symlinking: /home/youssef/colcon_ws/src/my_bot/install/my_bot/share/my_bot/description/model.urdf
[0.991s] -- Symlinking: /home/youssef/colcon_ws/src/my_bot/install/my_bot/share/my_bot/description/robot.urdf.xacro
[0.999s] -- Symlinking: /home/youssef/colcon_ws/src/my_bot/install/my_bot/share/my_bot/description/robot_core.xacro
[1.007s] -- Symlinking: /home/youssef/colcon_ws/src/my_bot/install/my_bot/share/my_bot/description/ros2_control.xacro
[1.016s] -- Symlinking: /home/youssef/colcon_ws/src/my_bot/install/my_bot/share/my_bot/launch/rsp.launch.py
[1.024s] -- Symlinking: /home/youssef/colcon_ws/src/my_bot/install/my_bot/share/my_bot/launch/rsp_rviz.launch.py
[1.033s] -- Symlinking: /home/youssef/colcon_ws/src/my_bot/install/my_bot/share/my_bot/launch/spawn_robot.launch.py
[1.042s] -- Symlinking: /home/youssef/colcon_ws/src/my_bot/install/my_bot/share/my_bot/worlds/empty.world
[1.050s] -- Symlinking: /home/youssef/colcon_ws/src/my_bot/install/my_bot/share/my_bot/worlds/obstacles.world
[1.058s] -- Symlinking: /home/youssef/colcon_ws/src/my_bot/install/my_bot/share/ament_index/resource_index/package_run_dependencies/my_bot
[1.064s] -- Symlinking: /home/youssef/colcon_ws/src/my_bot/install/my_bot/share/ament_index/resource_index/parent_prefix_path/my_bot
[1.071s] -- Symlinking: /home/youssef/colcon_ws/src/my_bot/install/my_bot/share/my_bot/environment/ament_prefix_path.sh
[1.076s] -- Symlinking: /home/youssef/colcon_ws/src/my_bot/install/my_bot/share/my_bot/environment/ament_prefix_path.dsv
[1.083s] -- Symlinking: /home/youssef/colcon_ws/src/my_bot/install/my_bot/share/my_bot/environment/path.sh
[1.088s] -- Symlinking: /home/youssef/colcon_ws/src/my_bot/install/my_bot/share/my_bot/environment/path.dsv
[1.094s] -- Symlinking: /home/youssef/colcon_ws/src/my_bot/install/my_bot/share/my_bot/local_setup.bash
[1.100s] -- Symlinking: /home/youssef/colcon_ws/src/my_bot/install/my_bot/share/my_bot/local_setup.sh
[1.106s] -- Symlinking: /home/youssef/colcon_ws/src/my_bot/install/my_bot/share/my_bot/local_setup.zsh
[1.112s] -- Symlinking: /home/youssef/colcon_ws/src/my_bot/install/my_bot/share/my_bot/local_setup.dsv
[1.119s] -- Symlinking: /home/youssef/colcon_ws/src/my_bot/install/my_bot/share/my_bot/package.dsv
[1.124s] -- Symlinking: /home/youssef/colcon_ws/src/my_bot/install/my_bot/share/ament_index/resource_index/packages/my_bot
[1.131s] -- Symlinking: /home/youssef/colcon_ws/src/my_bot/install/my_bot/share/my_bot/cmake/my_botConfig.cmake
[1.138s] -- Symlinking: /home/youssef/colcon_ws/src/my_bot/install/my_bot/share/my_bot/cmake/my_botConfig-version.cmake
[1.144s] -- Symlinking: /home/youssef/colcon_ws/src/my_bot/install/my_bot/share/my_bot/package.xml
[1.151s] Invoked command in '/home/youssef/colcon_ws/src/my_bot/build/my_bot' returned '0': CMAKE_PREFIX_PATH=${CMAKE_PREFIX_PATH}:/opt/ros/foxy /usr/bin/cmake --install /home/youssef/colcon_ws/src/my_bot/build/my_bot
